<?xml version="1.0" encoding="UTF-8"?>
<!-- Generated by org.testng.reporters.JUnitReportReporter -->
<testsuite hostname="N12275D1" name="ckt.ios.testcase.MeCase" tests="1" failures="0" timestamp="26 Dec 2016 06:31:39 GMT" time="9.749" errors="0">
  <testcase name="testLogin" time="9.749" classname="ckt.ios.testcase.MeCase"/>
</testsuite> <!-- ckt.ios.testcase.MeCase -->
